TN:
SF:src/app.ts
FN:26,(anonymous_1)
FN:29,(anonymous_2)
FN:32,(anonymous_3)
FN:44,(anonymous_4)
FN:49,(anonymous_5)
FN:50,(anonymous_6)
FN:54,(anonymous_7)
FN:57,(anonymous_8)
FN:74,(anonymous_9)
FN:84,(anonymous_10)
FN:87,(anonymous_11)
FN:93,(anonymous_12)
FN:113,(anonymous_13)
FNF:13
FNH:3
FNDA:0,(anonymous_1)
FNDA:0,(anonymous_2)
FNDA:0,(anonymous_3)
FNDA:0,(anonymous_4)
FNDA:0,(anonymous_5)
FNDA:0,(anonymous_6)
FNDA:0,(anonymous_7)
FNDA:0,(anonymous_8)
FNDA:0,(anonymous_9)
FNDA:1,(anonymous_10)
FNDA:0,(anonymous_11)
FNDA:1,(anonymous_12)
FNDA:1,(anonymous_13)
DA:1,1
DA:2,1
DA:3,1
DA:4,1
DA:5,1
DA:6,1
DA:7,1
DA:8,1
DA:9,1
DA:10,1
DA:12,1
DA:13,1
DA:14,1
DA:15,1
DA:17,1
DA:18,1
DA:20,1
DA:26,1
DA:27,1
DA:29,1
DA:30,0
DA:32,0
DA:33,0
DA:34,0
DA:41,0
DA:44,0
DA:45,0
DA:46,0
DA:49,0
DA:50,0
DA:51,0
DA:54,0
DA:55,0
DA:57,0
DA:59,0
DA:66,0
DA:67,0
DA:69,0
DA:70,0
DA:74,1
DA:75,0
DA:76,0
DA:79,1
DA:85,1
DA:88,0
DA:89,0
DA:93,1
DA:94,1
DA:95,0
DA:96,1
DA:97,0
DA:102,0
DA:106,1
DA:107,1
DA:108,1
DA:109,1
DA:110,1
DA:111,1
DA:113,1
DA:114,1
DA:117,1
LF:61
LH:35
BRDA:51,0,0,0
BRDA:51,0,1,0
BRDA:51,1,0,0
BRDA:51,1,1,0
BRDA:70,2,0,0
BRDA:70,2,1,0
BRDA:70,3,0,0
BRDA:70,3,1,0
BRDA:94,4,0,0
BRDA:94,4,1,1
BRDA:96,5,0,0
BRF:11
BRH:1
end_of_record
TN:
SF:src/config/db.config.ts
FNF:0
FNH:0
DA:1,1
LF:1
LH:1
BRF:0
BRH:0
end_of_record
TN:
SF:src/middleware/auth.ts
FN:4,(anonymous_7)
FN:4,(anonymous_8)
FNF:2
FNH:2
FNDA:10,(anonymous_7)
FNDA:10,(anonymous_8)
DA:1,1
DA:2,1
DA:4,10
DA:5,10
DA:6,10
DA:7,8
DA:9,8
DA:14,8
DA:15,0
DA:18,8
DA:19,8
DA:20,8
DA:22,2
DA:26,1
LF:14
LH:13
BRDA:14,0,0,0
BRF:1
BRH:0
end_of_record
TN:
SF:src/models/album.ts
FN:11,(anonymous_7)
FNF:1
FNH:0
FNDA:0,(anonymous_7)
DA:3,1
DA:5,1
DA:11,1
DA:12,0
DA:13,0
DA:14,0
DA:16,0
DA:19,1
DA:21,1
LF:9
LH:5
BRDA:13,0,0,0
BRF:1
BRH:0
end_of_record
TN:
SF:src/models/index.ts
FNF:0
FNH:0
DA:1,1
DA:3,1
DA:4,1
DA:6,1
DA:12,1
LF:5
LH:5
BRF:0
BRH:0
end_of_record
TN:
SF:src/models/stickers.ts
FNF:0
FNH:0
DA:3,1
DA:5,1
DA:11,1
DA:13,1
LF:4
LH:4
BRF:0
BRH:0
end_of_record
TN:
SF:src/models/user.ts
FN:29,(anonymous_7)
FN:39,(anonymous_9)
FN:39,(anonymous_10)
FN:51,(anonymous_11)
FN:61,(anonymous_13)
FNF:5
FNH:4
FNDA:2,(anonymous_7)
FNDA:2,(anonymous_9)
FNDA:2,(anonymous_10)
FNDA:38,(anonymous_11)
FNDA:0,(anonymous_13)
DA:1,1
DA:5,1
DA:6,1
DA:7,1
DA:9,1
DA:29,1
DA:30,2
DA:31,2
DA:33,2
DA:34,2
DA:36,2
DA:39,2
DA:40,2
DA:41,2
DA:42,0
DA:44,2
DA:45,2
DA:46,1
DA:48,1
DA:51,1
DA:52,38
DA:54,38
DA:55,31
DA:58,38
DA:61,1
DA:62,0
DA:66,0
DA:69,1
DA:71,1
LF:29
LH:26
BRDA:41,0,0,0
BRDA:45,1,0,1
BRDA:54,2,0,31
BRF:3
BRH:2
end_of_record
TN:
SF:src/routes/album.ts
FN:9,(anonymous_8)
FN:9,(anonymous_9)
FNF:2
FNH:0
FNDA:0,(anonymous_8)
FNDA:0,(anonymous_9)
DA:1,1
DA:4,1
DA:5,1
DA:6,1
DA:9,1
DA:10,0
DA:11,0
DA:12,0
DA:14,0
DA:18,1
LF:10
LH:6
BRF:0
BRH:0
end_of_record
TN:
SF:src/routes/messages.ts
FN:6,(anonymous_8)
FN:6,(anonymous_9)
FNF:2
FNH:0
FNDA:0,(anonymous_8)
FNDA:0,(anonymous_9)
DA:1,1
DA:3,1
DA:4,1
DA:6,1
DA:7,0
DA:8,0
DA:9,0
DA:10,0
DA:12,0
DA:16,1
LF:10
LH:5
BRF:0
BRH:0
end_of_record
TN:
SF:src/routes/regions.ts
FN:70,(anonymous_8)
FN:70,(anonymous_9)
FNF:2
FNH:0
FNDA:0,(anonymous_8)
FNDA:0,(anonymous_9)
DA:1,1
DA:3,1
DA:5,1
DA:70,1
DA:71,0
DA:72,0
DA:74,0
DA:78,1
LF:8
LH:5
BRF:0
BRH:0
end_of_record
TN:
SF:src/routes/stickers.ts
FN:7,(anonymous_8)
FN:7,(anonymous_9)
FN:17,(anonymous_10)
FN:17,(anonymous_11)
FN:32,(anonymous_12)
FN:32,(anonymous_13)
FNF:6
FNH:6
FNDA:1,(anonymous_8)
FNDA:1,(anonymous_9)
FNDA:2,(anonymous_10)
FNDA:2,(anonymous_11)
FNDA:2,(anonymous_12)
FNDA:2,(anonymous_13)
DA:1,1
DA:3,1
DA:4,1
DA:7,1
DA:8,1
DA:9,1
DA:10,1
DA:12,0
DA:17,2
DA:18,2
DA:19,2
DA:20,2
DA:21,2
DA:22,2
DA:23,2
DA:24,2
DA:26,0
DA:27,0
DA:32,2
DA:33,2
DA:34,2
DA:35,2
DA:36,2
DA:37,0
DA:39,2
DA:40,1
DA:42,1
DA:43,1
DA:44,1
DA:45,1
DA:47,0
DA:51,1
LF:32
LH:27
BRDA:36,0,0,0
BRDA:39,1,0,1
BRF:2
BRH:1
end_of_record
TN:
SF:src/routes/swipe.ts
FN:8,(anonymous_8)
FN:8,(anonymous_9)
FN:26,(anonymous_10)
FN:26,(anonymous_11)
FN:52,(anonymous_12)
FN:82,(anonymous_14)
FN:84,(anonymous_15)
FNF:7
FNH:0
FNDA:0,(anonymous_8)
FNDA:0,(anonymous_9)
FNDA:0,(anonymous_10)
FNDA:0,(anonymous_11)
FNDA:0,(anonymous_12)
FNDA:0,(anonymous_14)
FNDA:0,(anonymous_15)
DA:1,1
DA:3,1
DA:4,1
DA:5,1
DA:6,1
DA:8,1
DA:9,0
DA:10,0
DA:11,0
DA:13,0
DA:19,0
DA:22,0
DA:26,1
DA:27,0
DA:28,0
DA:29,0
DA:30,0
DA:31,0
DA:32,0
DA:33,0
DA:45,0
DA:46,0
DA:48,0
DA:52,1
DA:53,0
DA:54,0
DA:57,0
DA:58,0
DA:59,0
DA:60,0
DA:61,0
DA:62,0
DA:64,0
DA:66,0
DA:67,0
DA:68,0
DA:72,0
DA:73,0
DA:74,0
DA:82,1
DA:83,0
DA:84,0
DA:85,0
DA:88,1
LF:44
LH:10
BRDA:10,0,0,0
BRDA:10,0,1,0
BRDA:32,1,0,0
BRDA:67,2,0,0
BRF:4
BRH:0
end_of_record
TN:
SF:src/routes/user.ts
FN:8,(anonymous_8)
FN:41,(anonymous_10)
FN:41,(anonymous_11)
FN:65,(anonymous_12)
FN:65,(anonymous_13)
FN:67,(anonymous_14)
FN:77,(anonymous_15)
FN:77,(anonymous_16)
FN:91,(anonymous_17)
FN:91,(anonymous_18)
FN:94,(anonymous_19)
FN:102,(anonymous_20)
FNF:12
FNH:12
FNDA:3,(anonymous_8)
FNDA:2,(anonymous_10)
FNDA:2,(anonymous_11)
FNDA:1,(anonymous_12)
FNDA:1,(anonymous_13)
FNDA:1,(anonymous_14)
FNDA:1,(anonymous_15)
FNDA:1,(anonymous_16)
FNDA:1,(anonymous_17)
FNDA:1,(anonymous_18)
FNDA:1,(anonymous_19)
FNDA:1,(anonymous_20)
DA:1,1
DA:2,1
DA:4,1
DA:5,1
DA:6,1
DA:8,1
DA:9,3
DA:15,2
DA:16,2
DA:18,1
DA:19,1
DA:20,1
DA:21,1
DA:22,1
DA:23,1
DA:31,0
DA:32,0
DA:33,0
DA:34,0
DA:36,0
DA:41,2
DA:42,2
DA:43,2
DA:47,1
DA:48,0
DA:52,1
DA:53,1
DA:61,1
DA:65,1
DA:66,1
DA:67,1
DA:68,1
DA:70,1
DA:71,1
DA:73,0
DA:77,1
DA:78,1
DA:79,1
DA:80,1
DA:87,0
DA:91,1
DA:92,1
DA:93,1
DA:94,1
DA:95,1
DA:97,1
DA:98,0
DA:100,1
DA:101,1
DA:102,1
DA:103,1
DA:104,1
DA:111,0
DA:115,1
LF:54
LH:44
BRDA:9,0,0,2
BRDA:10,1,0,3
BRDA:10,1,1,3
BRDA:10,1,2,3
BRDA:10,1,3,2
BRDA:31,2,0,0
BRDA:31,2,1,0
BRDA:33,3,0,0
BRDA:33,3,1,0
BRDA:47,4,0,0
BRDA:97,5,0,0
BRF:11
BRH:5
end_of_record
TN:
SF:src/scripts/createStickers.ts
FN:74,(anonymous_1)
FN:135,(anonymous_2)
FNF:2
FNH:1
FNDA:0,(anonymous_1)
FNDA:1,(anonymous_2)
DA:1,1
DA:2,1
DA:4,1
DA:39,1
DA:74,1
DA:75,0
DA:76,0
DA:79,0
DA:80,0
DA:86,0
DA:87,0
DA:91,0
DA:92,0
DA:98,0
DA:99,0
DA:103,0
DA:104,0
DA:110,0
DA:111,0
DA:116,0
DA:117,0
DA:118,0
DA:127,0
DA:128,0
DA:132,0
DA:135,1
DA:136,1
DA:137,1
DA:138,639
DA:140,1
LF:30
LH:10
BRF:0
BRH:0
end_of_record
TN:
SF:src/tests/db.js
FN:34,(anonymous_0)
FNF:1
FNH:1
FNDA:15,(anonymous_0)
DA:1,1
DA:2,1
DA:3,1
DA:5,1
DA:6,1
DA:20,1
DA:21,1
DA:34,1
DA:35,15
DA:36,15
DA:37,15
DA:40,1
LF:12
LH:12
BRF:0
BRH:0
end_of_record
